<?xml version="1.0" encoding="UTF-8"?>
<!-- Generated by org.testng.reporters.JUnitReportReporter -->
<testsuite hostname="DESKTOP-MOAL7CN" failures="0" tests="1" name="com.retrieveLink.RetrieveFlipKartLink" time="30.796" errors="0" timestamp="2024-04-05T11:19:21 IST" skipped="0">
  <testcase classname="com.retrieveLink.RetrieveFlipKartLink" name="retriverLinkUsingForEach" time="30.796"/>
  <system-out/>
</testsuite> <!-- com.retrieveLink.RetrieveFlipKartLink -->
